  3.0.1.3.2D_Objects_20.cpp
C:\Users\조병화\Downloads\새 폴더\3.0.1.3.2D_Objects_20\3.0.1.3.2D_Objects_20\3.0.1.3.2D_Objects_20.cpp(811,76): warning C4305: '초기화 중': 'double'에서 'GLfloat'(으)로 잘립니다.
C:\Users\조병화\Downloads\새 폴더\3.0.1.3.2D_Objects_20\3.0.1.3.2D_Objects_20\3.0.1.3.2D_Objects_20.cpp(812,85): warning C4305: '초기화 중': 'double'에서 'GLfloat'(으)로 잘립니다.
C:\Users\조병화\Downloads\새 폴더\3.0.1.3.2D_Objects_20\3.0.1.3.2D_Objects_20\3.0.1.3.2D_Objects_20.cpp(814,97): warning C4305: '초기화 중': 'double'에서 'GLfloat'(으)로 잘립니다.
C:\Users\조병화\Downloads\새 폴더\3.0.1.3.2D_Objects_20\3.0.1.3.2D_Objects_20\3.0.1.3.2D_Objects_20.cpp(893,81): warning C4305: '초기화 중': 'double'에서 'GLfloat'(으)로 잘립니다.
C:\Users\조병화\Downloads\새 폴더\3.0.1.3.2D_Objects_20\3.0.1.3.2D_Objects_20\3.0.1.3.2D_Objects_20.cpp(894,81): warning C4305: '초기화 중': 'double'에서 'GLfloat'(으)로 잘립니다.
C:\Users\조병화\Downloads\새 폴더\3.0.1.3.2D_Objects_20\3.0.1.3.2D_Objects_20\3.0.1.3.2D_Objects_20.cpp(895,85): warning C4305: '초기화 중': 'double'에서 'GLfloat'(으)로 잘립니다.
C:\Users\조병화\Downloads\새 폴더\3.0.1.3.2D_Objects_20\3.0.1.3.2D_Objects_20\3.0.1.3.2D_Objects_20.cpp(966,82): warning C4305: '초기화 중': 'double'에서 'GLfloat'(으)로 잘립니다.
C:\Users\조병화\Downloads\새 폴더\3.0.1.3.2D_Objects_20\3.0.1.3.2D_Objects_20\3.0.1.3.2D_Objects_20.cpp(967,82): warning C4305: '초기화 중': 'double'에서 'GLfloat'(으)로 잘립니다.
C:\Users\조병화\Downloads\새 폴더\3.0.1.3.2D_Objects_20\3.0.1.3.2D_Objects_20\3.0.1.3.2D_Objects_20.cpp(968,86): warning C4305: '초기화 중': 'double'에서 'GLfloat'(으)로 잘립니다.
C:\Users\조병화\Downloads\새 폴더\3.0.1.3.2D_Objects_20\3.0.1.3.2D_Objects_20\3.0.1.3.2D_Objects_20.cpp(1031,174): warning C4305: '초기화 중': 'double'에서 'GLfloat'(으)로 잘립니다.
C:\Users\조병화\Downloads\새 폴더\3.0.1.3.2D_Objects_20\3.0.1.3.2D_Objects_20\3.0.1.3.2D_Objects_20.cpp(1032,102): warning C4305: '초기화 중': 'double'에서 'GLfloat'(으)로 잘립니다.
C:\Users\조병화\Downloads\새 폴더\3.0.1.3.2D_Objects_20\3.0.1.3.2D_Objects_20\3.0.1.3.2D_Objects_20.cpp(1033,130): warning C4305: '초기화 중': 'double'에서 'GLfloat'(으)로 잘립니다.
C:\Users\조병화\Downloads\새 폴더\3.0.1.3.2D_Objects_20\3.0.1.3.2D_Objects_20\3.0.1.3.2D_Objects_20.cpp(1373,35): warning C4326: 'main'의 반환 형식이 'int'이어야 하는데 'void'입니다.
  코드를 생성하고 있습니다.
  0 of 104 functions ( 0.0%) were compiled, the rest were copied from previous compilation.
    0 functions were new in current compilation
    0 functions had inline decision re-evaluated but remain unchanged
  코드를 생성했습니다.
  3.0.1.3.2D_Objects_20.vcxproj -> C:\Users\조병화\Downloads\새 폴더\3.0.1.3.2D_Objects_20\x64\Release\3.0.1.3.2D_Objects_20.exe
